0 info it worked if it ends with ok
1 verbose cli [ '/home/gm/.nvm/v0.10.33/bin/node',
1 verbose cli   '/home/gm/.nvm/v0.10.33/bin/npm',
1 verbose cli   'install',
1 verbose cli   '--save',
1 verbose cli   'cool-ascii-face' ]
2 info using npm@1.4.28
3 info using node@v0.10.33
4 warn package.json node-js-getting-started@0.1.3 No repository field.
5 verbose readDependencies using package.json deps
6 verbose cache add [ 'cool-ascii-face', null ]
7 verbose cache add name=undefined spec="cool-ascii-face" args=["cool-ascii-face",null]
8 verbose parsed url { protocol: null,
8 verbose parsed url   slashes: null,
8 verbose parsed url   auth: null,
8 verbose parsed url   host: null,
8 verbose parsed url   port: null,
8 verbose parsed url   hostname: null,
8 verbose parsed url   hash: null,
8 verbose parsed url   search: null,
8 verbose parsed url   query: null,
8 verbose parsed url   pathname: 'cool-ascii-face',
8 verbose parsed url   path: 'cool-ascii-face',
8 verbose parsed url   href: 'cool-ascii-face' }
9 silly lockFile 36a3574a-cool-ascii-face cool-ascii-face
10 verbose lock cool-ascii-face /home/gm/.npm/36a3574a-cool-ascii-face.lock
11 silly lockFile 36a3574a-cool-ascii-face cool-ascii-face
12 silly lockFile 36a3574a-cool-ascii-face cool-ascii-face
13 verbose addNamed [ 'cool-ascii-face', '' ]
14 verbose addNamed [ null, '*' ]
15 silly lockFile 0eb5c39e-cool-ascii-face cool-ascii-face@
16 verbose lock cool-ascii-face@ /home/gm/.npm/0eb5c39e-cool-ascii-face.lock
17 silly addNameRange { name: 'cool-ascii-face', range: '*', hasData: false }
18 verbose request where is /cool-ascii-face
19 verbose request registry https://registry.npmjs.org/
20 verbose request id e8ec9959c6439370
21 verbose url raw /cool-ascii-face
22 verbose url resolving [ 'https://registry.npmjs.org/', './cool-ascii-face' ]
23 verbose url resolved https://registry.npmjs.org/cool-ascii-face
24 verbose request where is https://registry.npmjs.org/cool-ascii-face
25 info trying registry request attempt 1 at 11:33:51
26 http GET https://registry.npmjs.org/cool-ascii-face
27 http 404 https://registry.npmjs.org/cool-ascii-face
28 verbose headers { server: 'CouchDB/1.5.0 (Erlang OTP/R16B03)',
28 verbose headers   'content-type': 'application/json',
28 verbose headers   'cache-control': 'max-age=0',
28 verbose headers   'content-length': '51',
28 verbose headers   'accept-ranges': 'bytes',
28 verbose headers   date: 'Sat, 16 May 2015 03:33:51 GMT',
28 verbose headers   via: '1.1 varnish',
28 verbose headers   age: '0',
28 verbose headers   connection: 'keep-alive',
28 verbose headers   'x-served-by': 'cache-hkg6826-HKG',
28 verbose headers   'x-cache': 'MISS',
28 verbose headers   'x-cache-hits': '0',
28 verbose headers   'x-timer': 'S1431747231.035783,VS0,VE960' }
29 silly registry.get cb [ 404,
29 silly registry.get   { server: 'CouchDB/1.5.0 (Erlang OTP/R16B03)',
29 silly registry.get     'content-type': 'application/json',
29 silly registry.get     'cache-control': 'max-age=0',
29 silly registry.get     'content-length': '51',
29 silly registry.get     'accept-ranges': 'bytes',
29 silly registry.get     date: 'Sat, 16 May 2015 03:33:51 GMT',
29 silly registry.get     via: '1.1 varnish',
29 silly registry.get     age: '0',
29 silly registry.get     connection: 'keep-alive',
29 silly registry.get     'x-served-by': 'cache-hkg6826-HKG',
29 silly registry.get     'x-cache': 'MISS',
29 silly registry.get     'x-cache-hits': '0',
29 silly registry.get     'x-timer': 'S1431747231.035783,VS0,VE960' } ]
30 silly lockFile 0eb5c39e-cool-ascii-face cool-ascii-face@
31 silly lockFile 0eb5c39e-cool-ascii-face cool-ascii-face@
32 error 404 404 Not Found: cool-ascii-face
32 error 404
32 error 404 'cool-ascii-face' is not in the npm registry.
32 error 404 You should bug the author to publish it
32 error 404 It was specified as a dependency of 'node-js-getting-started'
32 error 404
32 error 404 Note that you can also install from a
32 error 404 tarball, folder, or http url, or git url.
33 error System Linux 3.13.0-52-generic
34 error command "/home/gm/.nvm/v0.10.33/bin/node" "/home/gm/.nvm/v0.10.33/bin/npm" "install" "--save" "cool-ascii-face"
35 error cwd /home/gm/NetBeansProjects/HEROKU_Demo/public_html
36 error node -v v0.10.33
37 error npm -v 1.4.28
38 error code E404
39 verbose exit [ 1, true ]
